<?xml version="1.0" encoding="UTF-8"?>
<!-- Generated by org.testng.reporters.JUnitXMLReporter -->
<testsuite ignored="0" hostname="LAPTOP-BJGJTP7K" failures="1" tests="2" name="Test" time="28.003" errors="0" timestamp="2023-02-06T08:34:52 COT">
  <testcase classname="com.project.tests.HomeTest" name="test" time="4.139"/>
  <testcase classname="com.project.tests.AddElementTest" name="test" time="0.002">
    <failure type="java.lang.NullPointerException" message="Cannot invoke &amp;quot;org.openqa.selenium.WebDriver.findElement(org.openqa.selenium.By)&amp;quot; because &amp;quot;this.driver&amp;quot; is null">
      <![CDATA[java.lang.NullPointerException: Cannot invoke "org.openqa.selenium.WebDriver.findElement(org.openqa.selenium.By)" because "this.driver" is null
at com.project.pom.Base.scrollDown(Base.java:65)
at com.project.pom.HomePage.selectTrend(HomePage.java:17)
at com.project.tests.AddElementTest.test(AddElementTest.java:38)
at java.base/java.util.ArrayList.forEach(ArrayList.java:1511)
... Removed 27 stack frames]]>
    </failure>
  </testcase> <!-- test -->
</testsuite> <!-- Test -->
