<?xml version="1.0" encoding="UTF-8"?>
<testng-results ignored="0" total="1" passed="1" failed="0" skipped="0">
  <reporter-output>
  </reporter-output>
  <suite started-at="2023-02-05T09:33:19 COT" name="Default suite" finished-at="2023-02-05T09:33:33 COT" duration-ms="14554">
    <groups>
    </groups>
    <test started-at="2023-02-05T09:33:19 COT" name="Default test" finished-at="2023-02-05T09:33:33 COT" duration-ms="14554">
      <class name="com.project.tests.HomeTest">
        <test-method is-config="true" signature="setUp()[pri:0, instance:com.project.tests.HomeTest@72f926e6]" started-at="2023-02-05T09:33:19 COT" name="setUp" finished-at="2023-02-05T09:33:30 COT" duration-ms="10731" status="PASS">
          <reporter-output>
          </reporter-output>
        </test-method> <!-- setUp -->
        <test-method signature="test()[pri:0, instance:com.project.tests.HomeTest@72f926e6]" started-at="2023-02-05T09:33:30 COT" name="test" finished-at="2023-02-05T09:33:33 COT" duration-ms="3274" status="PASS">
          <reporter-output>
          </reporter-output>
        </test-method> <!-- test -->
        <test-method is-config="true" signature="tearDown()[pri:0, instance:com.project.tests.HomeTest@72f926e6]" started-at="2023-02-05T09:33:33 COT" name="tearDown" finished-at="2023-02-05T09:33:33 COT" duration-ms="480" status="PASS">
          <reporter-output>
          </reporter-output>
        </test-method> <!-- tearDown -->
      </class> <!-- com.project.tests.HomeTest -->
    </test> <!-- Default test -->
  </suite> <!-- Default suite -->
</testng-results>
